\BOOKMARK [0][-]{chapter*.2}{\376\377\000A\000c\000k\000n\000o\000w\000l\000e\000d\000g\000m\000e\000n\000t\000s}{}% 1
\BOOKMARK [0][-]{chapter*.3}{\376\377\000A\000b\000s\000t\000r\000a\000c\000t}{}% 2
\BOOKMARK [0][-]{chapter*.5}{\376\377\000L\000i\000s\000t\000\040\000o\000f\000\040\000T\000a\000b\000l\000e\000s}{}% 3
\BOOKMARK [0][-]{chapter*.6}{\376\377\000L\000i\000s\000t\000\040\000o\000f\000\040\000F\000i\000g\000u\000r\000e\000s}{}% 4
\BOOKMARK [0][-]{chapter.1}{\376\377\000I\000n\000t\000r\000o\000d\000u\000c\000t\000i\000o\000n}{}% 5
\BOOKMARK [1][-]{section.1.1}{\376\377\000S\000c\000o\000p\000e\000\040\000o\000f\000\040\000t\000h\000i\000s\000\040\000d\000i\000s\000s\000e\000r\000t\000a\000t\000i\000o\000n}{chapter.1}% 6
\BOOKMARK [1][-]{section.1.2}{\376\377\000F\000o\000r\000m\000a\000t\000\040\000o\000f\000\040\000t\000h\000i\000s\000\040\000d\000i\000s\000s\000e\000r\000t\000a\000t\000i\000o\000n}{chapter.1}% 7
\BOOKMARK [0][-]{chapter.2}{\376\377\000Q\000u\000a\000l\000i\000t\000y\000\040\000o\000f\000\040\000E\000n\000v\000i\000r\000o\000n\000m\000e\000n\000t\000a\000l\000\040\000E\000x\000p\000o\000s\000u\000r\000e\000\040\000m\000o\000d\000u\000l\000a\000t\000e\000s\000\040\000s\000t\000a\000t\000i\000s\000t\000i\000c\000a\000l\000\040\000l\000e\000a\000r\000n\000i\000n\000g}{}% 8
\BOOKMARK [1][-]{section.2.1}{\376\377\000I\000n\000t\000r\000o\000d\000u\000c\000t\000i\000o\000n}{chapter.2}% 9
\BOOKMARK [2][-]{subsection.2.1.1}{\376\377\000R\000e\000p\000r\000e\000s\000e\000n\000t\000a\000t\000i\000o\000n\000s\000\040\000o\000f\000\040\000T\000e\000m\000p\000o\000r\000a\000l\000\040\000C\000o\000n\000t\000e\000x\000t}{section.2.1}% 10
\BOOKMARK [3][-]{subsubsection.2.1.1.1}{\376\377\000S\000u\000c\000c\000e\000s\000s\000o\000r\000\040\000R\000e\000p\000r\000e\000s\000e\000n\000t\000a\000t\000i\000o\000n}{subsection.2.1.1}% 11
\BOOKMARK [2][-]{subsection.2.1.2}{\376\377\000T\000e\000m\000p\000o\000r\000a\000l\000\040\000C\000o\000n\000t\000e\000x\000t\000\040\000M\000o\000d\000e\000l}{section.2.1}% 12
\BOOKMARK [2][-]{subsection.2.1.3}{\376\377\000M\000o\000d\000e\000l\000\040\000S\000i\000m\000u\000l\000a\000t\000i\000o\000n\000s}{section.2.1}% 13
\BOOKMARK [0][-]{chapter.3}{\376\377\000C\000o\000m\000p\000a\000r\000i\000n\000g\000\040\000I\000m\000p\000l\000i\000c\000i\000t\000\040\000E\000v\000e\000n\000t\000\040\000B\000o\000u\000n\000d\000a\000r\000i\000e\000s\000\040\000w\000i\000t\000h\000\040\000E\000x\000p\000l\000i\000c\000i\000t\000\040\000E\000v\000e\000n\000t\000\040\000B\000o\000u\000n\000d\000a\000r\000i\000e\000s}{}% 14
\BOOKMARK [1][-]{section.3.1}{\376\377\000I\000n\000t\000r\000o\000d\000u\000c\000t\000i\000o\000n}{chapter.3}% 15
\BOOKMARK [1][-]{section.3.2}{\376\377\000M\000o\000d\000e\000l\000i\000n\000g\000\040\000B\000o\000u\000n\000d\000a\000r\000y\000\040\000E\000f\000f\000e\000c\000t\000s}{chapter.3}% 16
\BOOKMARK [1][-]{section.3.3}{\376\377\000C\000o\000n\000t\000e\000x\000t\000\040\000M\000o\000d\000e\000l\000i\000n\000g\000\040\000a\000n\000d\000\040\000P\000r\000e\000d\000i\000c\000t\000i\000o\000n\000s}{chapter.3}% 17
\BOOKMARK [0][-]{chapter.4}{\376\377\000C\000a\000t\000e\000g\000o\000r\000y\000\040\000L\000e\000a\000r\000n\000i\000n\000g\000\040\000T\000h\000r\000o\000u\000g\000h\000\040\000T\000e\000m\000p\000o\000r\000a\000l\000\040\000A\000b\000s\000t\000r\000a\000c\000t\000i\000o\000n}{}% 18
\BOOKMARK [1][-]{section.4.1}{\376\377\000\050\000P\000a\000r\000t\000l\000y\000\040\000p\000o\000l\000i\000s\000h\000e\000d\000\051\000\040\000I\000n\000t\000r\000o\000d\000u\000c\000t\000i\000o\000n}{chapter.4}% 19
\BOOKMARK [2][-]{subsection.4.1.1}{\376\377\000P\000a\000r\000t\000i\000c\000i\000p\000a\000n\000t\000s}{section.4.1}% 20
\BOOKMARK [2][-]{subsection.4.1.2}{\376\377\000M\000a\000t\000e\000r\000i\000a\000l\000s}{section.4.1}% 21
\BOOKMARK [0][-]{chapter.5}{\376\377\000D\000i\000s\000c\000u\000s\000s\000i\000o\000n}{}% 22
\BOOKMARK [0][-]{chapter*.7}{\376\377\000B\000i\000b\000l\000i\000o\000g\000r\000a\000p\000h\000y}{}% 23
