This is pdfTeX, Version 3.141592653-2.6-1.40.26 (TeX Live 2024) (preloaded format=pdflatex 2024.7.9)  22 JUL 2024 22:21
entering extended mode
 restricted \write18 enabled.
 file:line:error style messages enabled.
 %&-line parsing enabled.
**c:/Users/tejas/Documents/umass-dissertation/main.tex
(c:/Users/tejas/Documents/umass-dissertation/main.tex
LaTeX2e <2024-06-01> patch level 2
L3 programming layer <2024-05-27>
(./umassthesis.cls
Document Class: umassthesis 2014/04/16 v1.26 U.Mass. dissertation class
(c:/Users/tejas/AppData/Roaming/TinyTeX/texmf-dist/tex/latex/base/report.cls
Document Class: report 2024/02/08 v1.4n Standard LaTeX document class
(c:/Users/tejas/AppData/Roaming/TinyTeX/texmf-dist/tex/latex/base/size12.clo
File: size12.clo 2024/02/08 v1.4n Standard LaTeX file (size option)
)
\c@part=\count194
\c@chapter=\count195
\c@section=\count196
\c@subsection=\count197
\c@subsubsection=\count198
\c@paragraph=\count199
\c@subparagraph=\count266
\c@figure=\count267
\c@table=\count268
\abovecaptionskip=\skip49
\belowcaptionskip=\skip50
\bibindent=\dimen141
) (c:/Users/tejas/AppData/Roaming/TinyTeX/texmf-dist/tex/latex/textcase/textcase.sty
Package: textcase 2023/07/27 v1.04 Text only upper/lower case changing (DPC)
Package textcase Info: Defining Legacy names on input line 20.
) (c:/Users/tejas/AppData/Roaming/TinyTeX/texmf-dist/tex/latex/etoolbox/etoolbox.sty
Package: etoolbox 2020/10/05 v2.5k e-TeX tools for LaTeX (JAW)
\etb@tempcnta=\count269
) (./umth12pt.clo
File: umth12pt.clo 1997/09/08 16:03:30 1.3 U.Mass. thesis (size option)
)
\c@count@FrontMatter=\count270
\c@count@Chapter=\count271
\c@count@Appendix=\count272
\c@count@BackMatter=\count273

Patching chapter command 1 succeeded
Patching chapter command 2 succeeded
Patching chapter command 3 succeeded
Appending to chapter command succeeded
\umassthesis@contentshangindent=\skip51
\tablenumberwidth=\skip52
(./umthstd.clo
File: umthstd.clo 2003/10/16 20:56:33 1.12 U.Mass. thesis frontmatter option
)
\umassthesis@basefootnotesep=\skip53
\umassthesis@baseskipfootins=\skip54

Patching footnotetext succeeded
) (c:/Users/tejas/AppData/Roaming/TinyTeX/texmf-dist/tex/latex/amsmath/amsmath.sty
Package: amsmath 2024/05/23 v2.17q AMS math features
\@mathmargin=\skip55

For additional information on amsmath, use the `?' option.
(c:/Users/tejas/AppData/Roaming/TinyTeX/texmf-dist/tex/latex/amsmath/amstext.sty
Package: amstext 2021/08/26 v2.01 AMS text
 (c:/Users/tejas/AppData/Roaming/TinyTeX/texmf-dist/tex/latex/amsmath/amsgen.sty
File: amsgen.sty 1999/11/30 v2.0 generic functions
\@emptytoks=\toks17
\ex@=\dimen142
)) (c:/Users/tejas/AppData/Roaming/TinyTeX/texmf-dist/tex/latex/amsmath/amsbsy.sty
Package: amsbsy 1999/11/29 v1.2d Bold Symbols
\pmbraise@=\dimen143
) (c:/Users/tejas/AppData/Roaming/TinyTeX/texmf-dist/tex/latex/amsmath/amsopn.sty
Package: amsopn 2022/04/08 v2.04 operator names
)
\inf@bad=\count274
LaTeX Info: Redefining \frac on input line 233.
\uproot@=\count275
\leftroot@=\count276
LaTeX Info: Redefining \overline on input line 398.
LaTeX Info: Redefining \colon on input line 409.
\classnum@=\count277
\DOTSCASE@=\count278
LaTeX Info: Redefining \ldots on input line 495.
LaTeX Info: Redefining \dots on input line 498.
LaTeX Info: Redefining \cdots on input line 619.
\Mathstrutbox@=\box52
\strutbox@=\box53
LaTeX Info: Redefining \big on input line 721.
LaTeX Info: Redefining \Big on input line 722.
LaTeX Info: Redefining \bigg on input line 723.
LaTeX Info: Redefining \Bigg on input line 724.
\big@size=\dimen144
LaTeX Font Info:    Redeclaring font encoding OML on input line 742.
LaTeX Font Info:    Redeclaring font encoding OMS on input line 743.
\macc@depth=\count279
LaTeX Info: Redefining \bmod on input line 904.
LaTeX Info: Redefining \pmod on input line 909.
LaTeX Info: Redefining \smash on input line 939.
LaTeX Info: Redefining \relbar on input line 969.
LaTeX Info: Redefining \Relbar on input line 970.
\c@MaxMatrixCols=\count280
\dotsspace@=\muskip17
\c@parentequation=\count281
\dspbrk@lvl=\count282
\tag@help=\toks18
\row@=\count283
\column@=\count284
\maxfields@=\count285
\andhelp@=\toks19
\eqnshift@=\dimen145
\alignsep@=\dimen146
\tagshift@=\dimen147
\tagwidth@=\dimen148
\totwidth@=\dimen149
\lineht@=\dimen150
\@envbody=\toks20
\multlinegap=\skip56
\multlinetaggap=\skip57
\mathdisplay@stack=\toks21
LaTeX Info: Redefining \[ on input line 2953.
LaTeX Info: Redefining \] on input line 2954.
) (c:/Users/tejas/AppData/Roaming/TinyTeX/texmf-dist/tex/latex/hyperref/hyperref.sty
Package: hyperref 2024-05-23 v7.01i Hypertext links for LaTeX
 (c:/Users/tejas/AppData/Roaming/TinyTeX/texmf-dist/tex/generic/iftex/iftex.sty
Package: iftex 2022/02/03 v1.0f TeX engine tests
) (c:/Users/tejas/AppData/Roaming/TinyTeX/texmf-dist/tex/latex/graphics/keyval.sty
Package: keyval 2022/05/29 v1.15 key=value parser (DPC)
\KV@toks@=\toks22
) (c:/Users/tejas/AppData/Roaming/TinyTeX/texmf-dist/tex/latex/kvsetkeys/kvsetkeys.sty
Package: kvsetkeys 2022-10-05 v1.19 Key value parser (HO)
) (c:/Users/tejas/AppData/Roaming/TinyTeX/texmf-dist/tex/generic/kvdefinekeys/kvdefinekeys.sty
Package: kvdefinekeys 2019-12-19 v1.6 Define keys (HO)
) (c:/Users/tejas/AppData/Roaming/TinyTeX/texmf-dist/tex/generic/pdfescape/pdfescape.sty
Package: pdfescape 2019/12/09 v1.15 Implements pdfTeX's escape features (HO)
 (c:/Users/tejas/AppData/Roaming/TinyTeX/texmf-dist/tex/generic/ltxcmds/ltxcmds.sty
Package: ltxcmds 2023-12-04 v1.26 LaTeX kernel commands for general use (HO)
) (c:/Users/tejas/AppData/Roaming/TinyTeX/texmf-dist/tex/generic/pdftexcmds/pdftexcmds.sty
Package: pdftexcmds 2020-06-27 v0.33 Utility functions of pdfTeX for LuaTeX (HO)
 (c:/Users/tejas/AppData/Roaming/TinyTeX/texmf-dist/tex/generic/infwarerr/infwarerr.sty
Package: infwarerr 2019/12/03 v1.5 Providing info/warning/error messages (HO)
)
Package pdftexcmds Info: \pdf@primitive is available.
Package pdftexcmds Info: \pdf@ifprimitive is available.
Package pdftexcmds Info: \pdfdraftmode found.
)) (c:/Users/tejas/AppData/Roaming/TinyTeX/texmf-dist/tex/latex/hycolor/hycolor.sty
Package: hycolor 2020-01-27 v1.10 Color options for hyperref/bookmark (HO)
) (c:/Users/tejas/AppData/Roaming/TinyTeX/texmf-dist/tex/latex/hyperref/nameref.sty
Package: nameref 2023-11-26 v2.56 Cross-referencing by name of section
 (c:/Users/tejas/AppData/Roaming/TinyTeX/texmf-dist/tex/latex/refcount/refcount.sty
Package: refcount 2019/12/15 v3.6 Data extraction from label references (HO)
) (c:/Users/tejas/AppData/Roaming/TinyTeX/texmf-dist/tex/generic/gettitlestring/gettitlestring.sty
Package: gettitlestring 2019/12/15 v1.6 Cleanup title references (HO)
 (c:/Users/tejas/AppData/Roaming/TinyTeX/texmf-dist/tex/latex/kvoptions/kvoptions.sty
Package: kvoptions 2022-06-15 v3.15 Key value format for package options (HO)
))
\c@section@level=\count286
) (c:/Users/tejas/AppData/Roaming/TinyTeX/texmf-dist/tex/generic/stringenc/stringenc.sty
Package: stringenc 2019/11/29 v1.12 Convert strings between diff. encodings (HO)
)
\@linkdim=\dimen151
\Hy@linkcounter=\count287
\Hy@pagecounter=\count288
 (c:/Users/tejas/AppData/Roaming/TinyTeX/texmf-dist/tex/latex/hyperref/pd1enc.def
File: pd1enc.def 2024-05-23 v7.01i Hyperref: PDFDocEncoding definition (HO)
Now handling font encoding PD1 ...
... no UTF-8 mapping file for font encoding PD1
) (c:/Users/tejas/AppData/Roaming/TinyTeX/texmf-dist/tex/generic/intcalc/intcalc.sty
Package: intcalc 2019/12/15 v1.3 Expandable calculations with integers (HO)
)
\Hy@SavedSpaceFactor=\count289
 (c:/Users/tejas/AppData/Roaming/TinyTeX/texmf-dist/tex/latex/hyperref/puenc.def
File: puenc.def 2024-05-23 v7.01i Hyperref: PDF Unicode definition (HO)
Now handling font encoding PU ...
... no UTF-8 mapping file for font encoding PU
)
Package hyperref Info: Hyper figures OFF on input line 4157.
Package hyperref Info: Link nesting OFF on input line 4162.
Package hyperref Info: Hyper index ON on input line 4165.
Package hyperref Info: Plain pages OFF on input line 4172.
Package hyperref Info: Backreferencing OFF on input line 4177.
Package hyperref Info: Implicit mode ON; LaTeX internals redefined.
Package hyperref Info: Bookmarks ON on input line 4424.
\c@Hy@tempcnt=\count290
 (c:/Users/tejas/AppData/Roaming/TinyTeX/texmf-dist/tex/latex/url/url.sty
\Urlmuskip=\muskip18
Package: url 2013/09/16  ver 3.4  Verb mode for urls, etc.
)
LaTeX Info: Redefining \url on input line 4763.
\XeTeXLinkMargin=\dimen152
 (c:/Users/tejas/AppData/Roaming/TinyTeX/texmf-dist/tex/generic/bitset/bitset.sty
Package: bitset 2019/12/09 v1.3 Handle bit-vector datatype (HO)
 (c:/Users/tejas/AppData/Roaming/TinyTeX/texmf-dist/tex/generic/bigintcalc/bigintcalc.sty
Package: bigintcalc 2019/12/15 v1.5 Expandable calculations on big integers (HO)
))
\Fld@menulength=\count291
\Field@Width=\dimen153
\Fld@charsize=\dimen154
Package hyperref Info: Hyper figures OFF on input line 6042.
Package hyperref Info: Link nesting OFF on input line 6047.
Package hyperref Info: Hyper index ON on input line 6050.
Package hyperref Info: backreferencing OFF on input line 6057.
Package hyperref Info: Link coloring OFF on input line 6062.
Package hyperref Info: Link coloring with OCG OFF on input line 6067.
Package hyperref Info: PDF/A mode OFF on input line 6072.
 (c:/Users/tejas/AppData/Roaming/TinyTeX/texmf-dist/tex/latex/base/atbegshi-ltx.sty
Package: atbegshi-ltx 2021/01/10 v1.0c Emulation of the original atbegshi
package with kernel methods
)
\Hy@abspage=\count292
\c@Item=\count293
\c@Hfootnote=\count294
)
Package hyperref Info: Driver (autodetected): hpdftex.
 (c:/Users/tejas/AppData/Roaming/TinyTeX/texmf-dist/tex/latex/hyperref/hpdftex.def
File: hpdftex.def 2024-05-23 v7.01i Hyperref driver for pdfTeX
 (c:/Users/tejas/AppData/Roaming/TinyTeX/texmf-dist/tex/latex/base/atveryend-ltx.sty
Package: atveryend-ltx 2020/08/19 v1.0a Emulation of the original atveryend package
with kernel methods
)
\Fld@listcount=\count295
\c@bookmark@seq@number=\count296
 (c:/Users/tejas/AppData/Roaming/TinyTeX/texmf-dist/tex/latex/rerunfilecheck/rerunfilecheck.sty
Package: rerunfilecheck 2022-07-10 v1.10 Rerun checks for auxiliary files (HO)
 (c:/Users/tejas/AppData/Roaming/TinyTeX/texmf-dist/tex/generic/uniquecounter/uniquecounter.sty
Package: uniquecounter 2019/12/15 v1.4 Provide unlimited unique counter (HO)
)
Package uniquecounter Info: New unique counter `rerunfilecheck' on input line 285.
)
\Hy@SectionHShift=\skip58
) (c:/Users/tejas/AppData/Roaming/TinyTeX/texmf-dist/tex/latex/graphics/graphicx.sty
Package: graphicx 2021/09/16 v1.2d Enhanced LaTeX Graphics (DPC,SPQR)
 (c:/Users/tejas/AppData/Roaming/TinyTeX/texmf-dist/tex/latex/graphics/graphics.sty
Package: graphics 2024/05/23 v1.4g Standard LaTeX Graphics (DPC,SPQR)
 (c:/Users/tejas/AppData/Roaming/TinyTeX/texmf-dist/tex/latex/graphics/trig.sty
Package: trig 2023/12/02 v1.11 sin cos tan (DPC)
) (c:/Users/tejas/AppData/Roaming/TinyTeX/texmf-dist/tex/latex/graphics-cfg/graphics.cfg
File: graphics.cfg 2016/06/04 v1.11 sample graphics configuration
)
Package graphics Info: Driver file: pdftex.def on input line 106.
 (c:/Users/tejas/AppData/Roaming/TinyTeX/texmf-dist/tex/latex/graphics-def/pdftex.def
File: pdftex.def 2024/04/13 v1.2c Graphics/color driver for pdftex
))
\Gin@req@height=\dimen155
\Gin@req@width=\dimen156
)
Disabled uppercase in PDF strings
(c:/Users/tejas/AppData/Roaming/TinyTeX/texmf-dist/tex/latex/l3backend/l3backend-pdftex.def
File: l3backend-pdftex.def 2024-05-08 L3 backend support: PDF output (pdfTeX)
\l__color_backend_stack_int=\count297
\l__pdf_internal_box=\box54
) (./main.aux)
\openout1 = `main.aux'.

LaTeX Font Info:    Checking defaults for OML/cmm/m/it on input line 172.
LaTeX Font Info:    ... okay on input line 172.
LaTeX Font Info:    Checking defaults for OMS/cmsy/m/n on input line 172.
LaTeX Font Info:    ... okay on input line 172.
LaTeX Font Info:    Checking defaults for OT1/cmr/m/n on input line 172.
LaTeX Font Info:    ... okay on input line 172.
LaTeX Font Info:    Checking defaults for T1/cmr/m/n on input line 172.
LaTeX Font Info:    ... okay on input line 172.
LaTeX Font Info:    Checking defaults for TS1/cmr/m/n on input line 172.
LaTeX Font Info:    ... okay on input line 172.
LaTeX Font Info:    Checking defaults for OMX/cmex/m/n on input line 172.
LaTeX Font Info:    ... okay on input line 172.
LaTeX Font Info:    Checking defaults for U/cmr/m/n on input line 172.
LaTeX Font Info:    ... okay on input line 172.
LaTeX Font Info:    Checking defaults for PD1/pdf/m/n on input line 172.
LaTeX Font Info:    ... okay on input line 172.
LaTeX Font Info:    Checking defaults for PU/pdf/m/n on input line 172.
LaTeX Font Info:    ... okay on input line 172.
Package hyperref Info: Link coloring OFF on input line 172.
 (./main.out) (./main.out)
\@outlinefile=\write3
\openout3 = `main.out'.

 (c:/Users/tejas/AppData/Roaming/TinyTeX/texmf-dist/tex/latex/epstopdf-pkg/epstopdf-base.sty
Package: epstopdf-base 2020-01-24 v2.11 Base part for package epstopdf
Package epstopdf-base Info: Redefining graphics rule for `.eps' on input line 485.
 (c:/Users/tejas/AppData/Roaming/TinyTeX/texmf-dist/tex/latex/latexconfig/epstopdf-sys.cfg
File: epstopdf-sys.cfg 2010/07/13 v1.3 Configuration of (r)epstopdf for TeX Live
))

[1

{c:/Users/tejas/AppData/Roaming/TinyTeX/texmf-var/fonts/map/pdftex/updmap/pdftex.map}]

[2

]
\lenguide=\skip59


[3

]

[4

]

[5

]

[6


] (./main.toc

[7

])
\tf@toc=\write4
\openout4 = `main.toc'.



[8] (./main.lot)
\tf@lot=\write5
\openout5 = `main.lot'.



[9

] (./main.lof

[10

])
\tf@lof=\write6
\openout6 = `main.lof'.



[11]
Chapter 1.
(./introduction.tex

[1


]

[2]

[3])

[4]

[5]
Chapter 2.
(./chapter_2.tex

[6

]
<chapter_notebooks/chapter_2/figures/modular_graph.png, id=302, 462.528pt x 346.896pt>
File: chapter_notebooks/chapter_2/figures/modular_graph.png Graphic file (type png)
<use chapter_notebooks/chapter_2/figures/modular_graph.png>
Package pdftex.def Info: chapter_notebooks/chapter_2/figures/modular_graph.png  used on input line 16.
(pdftex.def)             Requested size: 433.62pt x 325.23007pt.


[7]

[8 <./chapter_notebooks/chapter_2/figures/modular_graph.png>]

[9]

[10]
<chapter_notebooks/chapter_2/figures/SR_vs_TCM_Matrices.png, id=375, 722.7pt x 289.08pt>
File: chapter_notebooks/chapter_2/figures/SR_vs_TCM_Matrices.png Graphic file (type png)
<use chapter_notebooks/chapter_2/figures/SR_vs_TCM_Matrices.png>
Package pdftex.def Info: chapter_notebooks/chapter_2/figures/SR_vs_TCM_Matrices.png  used on input line 60.
(pdftex.def)             Requested size: 390.25534pt x 156.10086pt.


[11 <./chapter_notebooks/chapter_2/figures/SR_vs_TCM_Matrices.png>]

[12]
<chapter_notebooks/chapter_2/figures/walk_length_SR_TCM_matrices.png, id=394, 1156.32pt x 578.16pt>
File: chapter_notebooks/chapter_2/figures/walk_length_SR_TCM_matrices.png Graphic file (type png)
<use chapter_notebooks/chapter_2/figures/walk_length_SR_TCM_matrices.png>
Package pdftex.def Info: chapter_notebooks/chapter_2/figures/walk_length_SR_TCM_matrices.png  used on input line 89.
(pdftex.def)             Requested size: 433.62pt x 216.80946pt.
<chapter_notebooks/chapter_2/figures/SR_TCM_boundary_nonboundary_jsdist.png, id=398, 1529.9559pt x 722.7pt>
File: chapter_notebooks/chapter_2/figures/SR_TCM_boundary_nonboundary_jsdist.png Graphic file (type png)
<use chapter_notebooks/chapter_2/figures/SR_TCM_boundary_nonboundary_jsdist.png>
Package pdftex.def Info: chapter_notebooks/chapter_2/figures/SR_TCM_boundary_nonboundary_jsdist.png  used on input line 97.
(pdftex.def)             Requested size: 433.62pt x 204.82477pt.


[13 <./chapter_notebooks/chapter_2/figures/walk_length_SR_TCM_matrices.png>]
<chapter_notebooks/chapter_2/figures/SR_TCM_walklength_boundary_nonboundary_entropydiff.png, id=406, 1537.1829pt x 722.7pt>
File: chapter_notebooks/chapter_2/figures/SR_TCM_walklength_boundary_nonboundary_entropydiff.png Graphic file (type png)
<use chapter_notebooks/chapter_2/figures/SR_TCM_walklength_boundary_nonboundary_entropydiff.png>
Package pdftex.def Info: chapter_notebooks/chapter_2/figures/SR_TCM_walklength_boundary_nonboundary_entropydiff.png  used on input line 107.
(pdftex.def)             Requested size: 433.62pt x 203.86539pt.


[14 <./chapter_notebooks/chapter_2/figures/SR_TCM_boundary_nonboundary_jsdist.png>]
<chapter_notebooks/chapter_2/figures/SR_vs_TCM_Matrices_zoomed.png, id=414, 722.7pt x 289.08pt>
File: chapter_notebooks/chapter_2/figures/SR_vs_TCM_Matrices_zoomed.png Graphic file (type png)
<use chapter_notebooks/chapter_2/figures/SR_vs_TCM_Matrices_zoomed.png>
Package pdftex.def Info: chapter_notebooks/chapter_2/figures/SR_vs_TCM_Matrices_zoomed.png  used on input line 117.
(pdftex.def)             Requested size: 433.62pt x 173.44933pt.


[15 <./chapter_notebooks/chapter_2/figures/SR_TCM_walklength_boundary_nonboundary_entropydiff.png>])

[16 <./chapter_notebooks/chapter_2/figures/SR_vs_TCM_Matrices_zoomed.png>]
Chapter 3.
(./chapter_3.tex

[17

]

[18]

[19]

[20]
<chapter_notebooks/chapter_3/figures/recog_memory_with_criterion.png, id=566, 825.5643pt x 361.35pt>
File: chapter_notebooks/chapter_3/figures/recog_memory_with_criterion.png Graphic file (type png)
<use chapter_notebooks/chapter_3/figures/recog_memory_with_criterion.png>
Package pdftex.def Info: chapter_notebooks/chapter_3/figures/recog_memory_with_criterion.png  used on input line 39.
(pdftex.def)             Requested size: 433.62pt x 189.7998pt.


[21]

LaTeX Warning: Reference `fig:recognition-rts' on page 22 undefined on input line 52.


Overfull \hbox (8.43652pt too wide) in paragraph at lines 54--55
[]\OT1/cmr/m/n/12 To un-der-stand recog-ni-tion mem-ory dif-fer-ences be-tween bound-ary and non-boundary
 []

<chapter_notebooks/chapter_3/figures/ddm.png, id=580, 411.063pt x 321.711pt>
File: chapter_notebooks/chapter_3/figures/ddm.png Graphic file (type png)
<use chapter_notebooks/chapter_3/figures/ddm.png>
Package pdftex.def Info: chapter_notebooks/chapter_3/figures/ddm.png  used on input line 59.
(pdftex.def)             Requested size: 325.215pt x 254.54161pt.


[22 <./chapter_notebooks/chapter_3/figures/recog_memory_with_criterion.png>]

[23 <./chapter_notebooks/chapter_3/figures/ddm.png>]
<chapter_notebooks/chapter_3/figures/two_module_graph.png, id=606, 462.528pt x 346.896pt>
File: chapter_notebooks/chapter_3/figures/two_module_graph.png Graphic file (type png)
<use chapter_notebooks/chapter_3/figures/two_module_graph.png>
Package pdftex.def Info: chapter_notebooks/chapter_3/figures/two_module_graph.png  used on input line 79.
(pdftex.def)             Requested size: 433.62pt x 325.23007pt.


[24]
<chapter_notebooks/chapter_3/figures/distance_predictions.png, id=615, 1142.5887pt x 361.35pt>
File: chapter_notebooks/chapter_3/figures/distance_predictions.png Graphic file (type png)
<use chapter_notebooks/chapter_3/figures/distance_predictions.png>
Package pdftex.def Info: chapter_notebooks/chapter_3/figures/distance_predictions.png  used on input line 93.
(pdftex.def)             Requested size: 433.62pt x 137.13246pt.
<chapter_notebooks/chapter_3/figures/distance_predictions_entropyboost.png, id=617, 1142.5887pt x 361.35pt>
File: chapter_notebooks/chapter_3/figures/distance_predictions_entropyboost.png Graphic file (type png)
<use chapter_notebooks/chapter_3/figures/distance_predictions_entropyboost.png>
Package pdftex.def Info: chapter_notebooks/chapter_3/figures/distance_predictions_entropyboost.png  used on input line 102.
(pdftex.def)             Requested size: 433.62pt x 137.13246pt.


[25 <./chapter_notebooks/chapter_3/figures/two_module_graph.png>]

[26 <./chapter_notebooks/chapter_3/figures/distance_predictions.png> <./chapter_notebooks/chapter_3/figures/distance_predictions_entropyboost.png>]

[27])

[28]
Chapter 4.
(./chapter_4.tex

[29

]

[30]

[31]

[32])

[33]
Chapter 5.
(./main.bbl

[34

]

[35

]

[36]

[37]

[38]

[39]

[40]

[41]

[42]
Underfull \hbox (badness 1337) in paragraph at lines 344--347
[]\OT1/cmr/m/n/12 Russek, Evan M, Mo-men-ne-jad, Ida, Botvinick, Matthew M, Ger-sh-man,
 []



[43]
Underfull \hbox (badness 1043) in paragraph at lines 399--402
[]\OT1/cmr/m/n/12 Tremblay, Pierre-Luc, Be-dard, Marc-Andre, Lan-glois, Do-minic, Blanchet,
 []



[44])

[45] (./main.aux)
 ***********
LaTeX2e <2024-06-01> patch level 2
L3 programming layer <2024-05-27>
 ***********


LaTeX Warning: There were undefined references.

Package rerunfilecheck Info: File `main.out' has not changed.
(rerunfilecheck)             Checksum: 8553AA7B85C0120A89DE9E20A4B65758;4584.
 ) 
Here is how much of TeX's memory you used:
 9574 strings out of 475543
 155407 string characters out of 5775460
 1936908 words of memory out of 5000000
 31902 multiletter control sequences out of 15000+600000
 563529 words of font info for 55 fonts, out of 8000000 for 9000
 14 hyphenation exceptions out of 8191
 75i,13n,79p,1544b,565s stack positions out of 10000i,1000n,20000p,200000b,200000s
 <c:/Users/tejas/AppData/Roaming/TinyTeX/texmf-var/fonts/pk/ljfour/jknappen/ec/tcrm1200.600pk><c:/Users/tejas/AppData/Roaming/TinyTeX/texmf-dist/fonts/type1/public/amsfonts/cm/cmbx12.pfb><c:/Users/tejas/AppData/Roaming/TinyTeX/texmf-dist/fonts/type1/public/amsfonts/cm/cmex10.pfb><c:/Users/tejas/AppData/Roaming/TinyTeX/texmf-dist/fonts/type1/public/amsfonts/cm/cmmi12.pfb><c:/Users/tejas/AppData/Roaming/TinyTeX/texmf-dist/fonts/type1/public/amsfonts/cm/cmmi6.pfb><c:/Users/tejas/AppData/Roaming/TinyTeX/texmf-dist/fonts/type1/public/amsfonts/cm/cmmi8.pfb><c:/Users/tejas/AppData/Roaming/TinyTeX/texmf-dist/fonts/type1/public/amsfonts/cm/cmr10.pfb><c:/Users/tejas/AppData/Roaming/TinyTeX/texmf-dist/fonts/type1/public/amsfonts/cm/cmr12.pfb><c:/Users/tejas/AppData/Roaming/TinyTeX/texmf-dist/fonts/type1/public/amsfonts/cm/cmr6.pfb><c:/Users/tejas/AppData/Roaming/TinyTeX/texmf-dist/fonts/type1/public/amsfonts/cm/cmr7.pfb><c:/Users/tejas/AppData/Roaming/TinyTeX/texmf-dist/fonts/type1/public/amsfonts/cm/cmr8.pfb><c:/Users/tejas/AppData/Roaming/TinyTeX/texmf-dist/fonts/type1/public/amsfonts/cm/cmsy10.pfb><c:/Users/tejas/AppData/Roaming/TinyTeX/texmf-dist/fonts/type1/public/amsfonts/cm/cmsy6.pfb><c:/Users/tejas/AppData/Roaming/TinyTeX/texmf-dist/fonts/type1/public/amsfonts/cm/cmsy8.pfb><c:/Users/tejas/AppData/Roaming/TinyTeX/texmf-dist/fonts/type1/public/amsfonts/cm/cmti12.pfb>
Output written on main.pdf (56 pages, 2855447 bytes).
PDF statistics:
 880 PDF objects out of 1000 (max. 8388607)
 760 compressed objects within 8 object streams
 194 named destinations out of 1000 (max. 500000)
 272 words of extra memory for PDF output out of 10000 (max. 10000000)

